<?xml version="1.0" encoding="UTF-8"?>
<testsuite xmlns:xsi="http://www.w3.org/2001/XMLSchema-instance" xsi:noNamespaceSchemaLocation="https://maven.apache.org/surefire/maven-surefire-plugin/xsd/surefire-test-report-3.0.xsd" version="3.0" name="io.quarkus.workshop.superheroes.ui.WebUITests" time="1.375" tests="1" errors="1" skipped="0" failures="0">
  <properties>
    <property name="java.specification.version" value="17"/>
    <property name="sun.cpu.isalist" value="pentium_pro+mmx pentium_pro pentium+mmx pentium i486 i386 i86"/>
    <property name="sun.jnu.encoding" value="Cp1252"/>
    <property name="test.url" value="http://localhost:8081"/>
    <property name="java.class.path" value="C:\Users\melanie.ralaiarinosy\IdeaProjects\quarkus-super-heroes\super-heroes\ui-super-heroes\target\test-classes;C:\Users\melanie.ralaiarinosy\IdeaProjects\quarkus-super-heroes\super-heroes\ui-super-heroes\target\classes;C:\Users\melanie.ralaiarinosy\.m2\repository\io\quarkiverse\quinoa\quarkus-quinoa\2.0.3\quarkus-quinoa-2.0.3.jar;C:\Users\melanie.ralaiarinosy\.m2\repository\io\quarkus\quarkus-vertx-http\3.0.3.Final\quarkus-vertx-http-3.0.3.Final.jar;C:\Users\melanie.ralaiarinosy\.m2\repository\io\quarkus\quarkus-security-runtime-spi\3.0.3.Final\quarkus-security-runtime-spi-3.0.3.Final.jar;C:\Users\melanie.ralaiarinosy\.m2\repository\io\quarkus\quarkus-credentials\3.0.3.Final\quarkus-credentials-3.0.3.Final.jar;C:\Users\melanie.ralaiarinosy\.m2\repository\io\quarkus\quarkus-mutiny\3.0.3.Final\quarkus-mutiny-3.0.3.Final.jar;C:\Users\melanie.ralaiarinosy\.m2\repository\io\quarkus\quarkus-smallrye-context-propagation\3.0.3.Final\quarkus-smallrye-context-propagation-3.0.3.Final.jar;C:\Users\melanie.ralaiarinosy\.m2\repository\io\smallrye\smallrye-context-propagation\2.1.0\smallrye-context-propagation-2.1.0.jar;C:\Users\melanie.ralaiarinosy\.m2\repository\io\smallrye\smallrye-context-propagation-api\2.1.0\smallrye-context-propagation-api-2.1.0.jar;C:\Users\melanie.ralaiarinosy\.m2\repository\io\smallrye\smallrye-context-propagation-storage\2.1.0\smallrye-context-propagation-storage-2.1.0.jar;C:\Users\melanie.ralaiarinosy\.m2\repository\io\smallrye\reactive\mutiny-smallrye-context-propagation\2.1.0\mutiny-smallrye-context-propagation-2.1.0.jar;C:\Users\melanie.ralaiarinosy\.m2\repository\io\smallrye\common\smallrye-common-vertx-context\2.1.0\smallrye-common-vertx-context-2.1.0.jar;C:\Users\melanie.ralaiarinosy\.m2\repository\io\smallrye\common\smallrye-common-constraint\2.1.0\smallrye-common-constraint-2.1.0.jar;C:\Users\melanie.ralaiarinosy\.m2\repository\io\quarkus\quarkus-vertx-http-dev-console-runtime-spi\3.0.3.Final\quarkus-vertx-http-dev-console-runtime-spi-3.0.3.Final.jar;C:\Users\melanie.ralaiarinosy\.m2\repository\io\quarkus\security\quarkus-security\2.0.2.Final\quarkus-security-2.0.2.Final.jar;C:\Users\melanie.ralaiarinosy\.m2\repository\io\quarkus\quarkus-vertx\3.0.3.Final\quarkus-vertx-3.0.3.Final.jar;C:\Users\melanie.ralaiarinosy\.m2\repository\io\quarkus\quarkus-netty\3.0.3.Final\quarkus-netty-3.0.3.Final.jar;C:\Users\melanie.ralaiarinosy\.m2\repository\io\netty\netty-codec\4.1.90.Final\netty-codec-4.1.90.Final.jar;C:\Users\melanie.ralaiarinosy\.m2\repository\com\aayushatharva\brotli4j\brotli4j\1.11.0\brotli4j-1.11.0.jar;C:\Users\melanie.ralaiarinosy\.m2\repository\com\aayushatharva\brotli4j\service\1.11.0\service-1.11.0.jar;C:\Users\melanie.ralaiarinosy\.m2\repository\io\netty\netty-codec-haproxy\4.1.90.Final\netty-codec-haproxy-4.1.90.Final.jar;C:\Users\melanie.ralaiarinosy\.m2\repository\io\smallrye\common\smallrye-common-annotation\2.1.0\smallrye-common-annotation-2.1.0.jar;C:\Users\melanie.ralaiarinosy\.m2\repository\io\quarkus\quarkus-vertx-latebound-mdc-provider\3.0.3.Final\quarkus-vertx-latebound-mdc-provider-3.0.3.Final.jar;C:\Users\melanie.ralaiarinosy\.m2\repository\io\smallrye\smallrye-fault-tolerance-vertx\6.2.2\smallrye-fault-tolerance-vertx-6.2.2.jar;C:\Users\melanie.ralaiarinosy\.m2\repository\io\smallrye\reactive\smallrye-mutiny-vertx-web\3.3.0\smallrye-mutiny-vertx-web-3.3.0.jar;C:\Users\melanie.ralaiarinosy\.m2\repository\io\smallrye\reactive\smallrye-mutiny-vertx-web-common\3.3.0\smallrye-mutiny-vertx-web-common-3.3.0.jar;C:\Users\melanie.ralaiarinosy\.m2\repository\io\smallrye\reactive\smallrye-mutiny-vertx-auth-common\3.3.0\smallrye-mutiny-vertx-auth-common-3.3.0.jar;C:\Users\melanie.ralaiarinosy\.m2\repository\io\smallrye\reactive\smallrye-mutiny-vertx-bridge-common\3.3.0\smallrye-mutiny-vertx-bridge-common-3.3.0.jar;C:\Users\melanie.ralaiarinosy\.m2\repository\io\smallrye\reactive\smallrye-mutiny-vertx-uri-template\3.3.0\smallrye-mutiny-vertx-uri-template-3.3.0.jar;C:\Users\melanie.ralaiarinosy\.m2\repository\io\vertx\vertx-web\4.4.1\vertx-web-4.4.1.jar;C:\Users\melanie.ralaiarinosy\.m2\repository\io\vertx\vertx-bridge-common\4.4.1\vertx-bridge-common-4.4.1.jar;C:\Users\melanie.ralaiarinosy\.m2\repository\io\github\crac\org-crac\0.1.3\org-crac-0.1.3.jar;C:\Users\melanie.ralaiarinosy\.m2\repository\io\vertx\vertx-web-client\4.4.1\vertx-web-client-4.4.1.jar;C:\Users\melanie.ralaiarinosy\.m2\repository\io\vertx\vertx-uri-template\4.4.1\vertx-uri-template-4.4.1.jar;C:\Users\melanie.ralaiarinosy\.m2\repository\io\vertx\vertx-web-common\4.4.1\vertx-web-common-4.4.1.jar;C:\Users\melanie.ralaiarinosy\.m2\repository\io\vertx\vertx-auth-common\4.4.1\vertx-auth-common-4.4.1.jar;C:\Users\melanie.ralaiarinosy\.m2\repository\io\vertx\vertx-core\4.4.1\vertx-core-4.4.1.jar;C:\Users\melanie.ralaiarinosy\.m2\repository\io\netty\netty-common\4.1.90.Final\netty-common-4.1.90.Final.jar;C:\Users\melanie.ralaiarinosy\.m2\repository\io\netty\netty-buffer\4.1.90.Final\netty-buffer-4.1.90.Final.jar;C:\Users\melanie.ralaiarinosy\.m2\repository\io\netty\netty-transport\4.1.90.Final\netty-transport-4.1.90.Final.jar;C:\Users\melanie.ralaiarinosy\.m2\repository\io\netty\netty-handler\4.1.90.Final\netty-handler-4.1.90.Final.jar;C:\Users\melanie.ralaiarinosy\.m2\repository\io\netty\netty-transport-native-unix-common\4.1.90.Final\netty-transport-native-unix-common-4.1.90.Final.jar;C:\Users\melanie.ralaiarinosy\.m2\repository\io\netty\netty-handler-proxy\4.1.90.Final\netty-handler-proxy-4.1.90.Final.jar;C:\Users\melanie.ralaiarinosy\.m2\repository\io\netty\netty-codec-socks\4.1.90.Final\netty-codec-socks-4.1.90.Final.jar;C:\Users\melanie.ralaiarinosy\.m2\repository\io\netty\netty-codec-http\4.1.90.Final\netty-codec-http-4.1.90.Final.jar;C:\Users\melanie.ralaiarinosy\.m2\repository\io\netty\netty-codec-http2\4.1.90.Final\netty-codec-http2-4.1.90.Final.jar;C:\Users\melanie.ralaiarinosy\.m2\repository\io\netty\netty-resolver\4.1.90.Final\netty-resolver-4.1.90.Final.jar;C:\Users\melanie.ralaiarinosy\.m2\repository\io\netty\netty-resolver-dns\4.1.90.Final\netty-resolver-dns-4.1.90.Final.jar;C:\Users\melanie.ralaiarinosy\.m2\repository\io\netty\netty-codec-dns\4.1.90.Final\netty-codec-dns-4.1.90.Final.jar;C:\Users\melanie.ralaiarinosy\.m2\repository\com\fasterxml\jackson\core\jackson-core\2.14.2\jackson-core-2.14.2.jar;C:\Users\melanie.ralaiarinosy\.m2\repository\io\quarkus\quarkus-arc\3.0.3.Final\quarkus-arc-3.0.3.Final.jar;C:\Users\melanie.ralaiarinosy\.m2\repository\io\quarkus\arc\arc\3.0.3.Final\arc-3.0.3.Final.jar;C:\Users\melanie.ralaiarinosy\.m2\repository\jakarta\enterprise\jakarta.enterprise.cdi-api\4.0.1\jakarta.enterprise.cdi-api-4.0.1.jar;C:\Users\melanie.ralaiarinosy\.m2\repository\jakarta\enterprise\jakarta.enterprise.lang-model\4.0.1\jakarta.enterprise.lang-model-4.0.1.jar;C:\Users\melanie.ralaiarinosy\.m2\repository\jakarta\el\jakarta.el-api\5.0.1\jakarta.el-api-5.0.1.jar;C:\Users\melanie.ralaiarinosy\.m2\repository\jakarta\interceptor\jakarta.interceptor-api\2.1.0\jakarta.interceptor-api-2.1.0.jar;C:\Users\melanie.ralaiarinosy\.m2\repository\jakarta\annotation\jakarta.annotation-api\2.1.1\jakarta.annotation-api-2.1.1.jar;C:\Users\melanie.ralaiarinosy\.m2\repository\jakarta\transaction\jakarta.transaction-api\2.0.1\jakarta.transaction-api-2.0.1.jar;C:\Users\melanie.ralaiarinosy\.m2\repository\io\smallrye\reactive\mutiny\2.1.0\mutiny-2.1.0.jar;C:\Users\melanie.ralaiarinosy\.m2\repository\org\jboss\logging\jboss-logging\3.5.0.Final\jboss-logging-3.5.0.Final.jar;C:\Users\melanie.ralaiarinosy\.m2\repository\io\quarkus\quarkus-core\3.0.3.Final\quarkus-core-3.0.3.Final.jar;C:\Users\melanie.ralaiarinosy\.m2\repository\jakarta\inject\jakarta.inject-api\2.0.1\jakarta.inject-api-2.0.1.jar;C:\Users\melanie.ralaiarinosy\.m2\repository\io\smallrye\common\smallrye-common-os\2.1.0\smallrye-common-os-2.1.0.jar;C:\Users\melanie.ralaiarinosy\.m2\repository\io\quarkus\quarkus-ide-launcher\3.0.3.Final\quarkus-ide-launcher-3.0.3.Final.jar;C:\Users\melanie.ralaiarinosy\.m2\repository\io\quarkus\quarkus-development-mode-spi\3.0.3.Final\quarkus-development-mode-spi-3.0.3.Final.jar;C:\Users\melanie.ralaiarinosy\.m2\repository\io\smallrye\config\smallrye-config\3.2.1\smallrye-config-3.2.1.jar;C:\Users\melanie.ralaiarinosy\.m2\repository\io\smallrye\config\smallrye-config-core\3.2.1\smallrye-config-core-3.2.1.jar;C:\Users\melanie.ralaiarinosy\.m2\repository\org\eclipse\microprofile\config\microprofile-config-api\3.0.3\microprofile-config-api-3.0.3.jar;C:\Users\melanie.ralaiarinosy\.m2\repository\io\smallrye\common\smallrye-common-expression\2.1.0\smallrye-common-expression-2.1.0.jar;C:\Users\melanie.ralaiarinosy\.m2\repository\io\smallrye\common\smallrye-common-function\2.1.0\smallrye-common-function-2.1.0.jar;C:\Users\melanie.ralaiarinosy\.m2\repository\io\smallrye\common\smallrye-common-classloader\2.1.0\smallrye-common-classloader-2.1.0.jar;C:\Users\melanie.ralaiarinosy\.m2\repository\io\smallrye\config\smallrye-config-common\3.2.1\smallrye-config-common-3.2.1.jar;C:\Users\melanie.ralaiarinosy\.m2\repository\org\jboss\logmanager\jboss-logmanager-embedded\1.1.1\jboss-logmanager-embedded-1.1.1.jar;C:\Users\melanie.ralaiarinosy\.m2\repository\org\jboss\logging\jboss-logging-annotations\2.2.1.Final\jboss-logging-annotations-2.2.1.Final.jar;C:\Users\melanie.ralaiarinosy\.m2\repository\org\jboss\threads\jboss-threads\3.5.0.Final\jboss-threads-3.5.0.Final.jar;C:\Users\melanie.ralaiarinosy\.m2\repository\org\slf4j\slf4j-api\2.0.6\slf4j-api-2.0.6.jar;C:\Users\melanie.ralaiarinosy\.m2\repository\org\jboss\slf4j\slf4j-jboss-logmanager\2.0.0.Final\slf4j-jboss-logmanager-2.0.0.Final.jar;C:\Users\melanie.ralaiarinosy\.m2\repository\org\graalvm\sdk\graal-sdk\22.3.0\graal-sdk-22.3.0.jar;C:\Users\melanie.ralaiarinosy\.m2\repository\org\wildfly\common\wildfly-common\1.5.4.Final-format-001\wildfly-common-1.5.4.Final-format-001.jar;C:\Users\melanie.ralaiarinosy\.m2\repository\io\quarkus\quarkus-bootstrap-runner\3.0.3.Final\quarkus-bootstrap-runner-3.0.3.Final.jar;C:\Users\melanie.ralaiarinosy\.m2\repository\io\quarkus\quarkus-fs-util\0.0.9\quarkus-fs-util-0.0.9.jar;C:\Users\melanie.ralaiarinosy\.m2\repository\org\eclipse\microprofile\context-propagation\microprofile-context-propagation-api\1.3\microprofile-context-propagation-api-1.3.jar;C:\Users\melanie.ralaiarinosy\.m2\repository\io\quarkus\quarkus-resteasy-reactive\3.0.3.Final\quarkus-resteasy-reactive-3.0.3.Final.jar;C:\Users\melanie.ralaiarinosy\.m2\repository\io\quarkus\quarkus-resteasy-reactive-common\3.0.3.Final\quarkus-resteasy-reactive-common-3.0.3.Final.jar;C:\Users\melanie.ralaiarinosy\.m2\repository\io\quarkus\resteasy\reactive\resteasy-reactive-common\3.0.3.Final\resteasy-reactive-common-3.0.3.Final.jar;C:\Users\melanie.ralaiarinosy\.m2\repository\io\quarkus\resteasy\reactive\resteasy-reactive-common-types\3.0.3.Final\resteasy-reactive-common-types-3.0.3.Final.jar;C:\Users\melanie.ralaiarinosy\.m2\repository\org\reactivestreams\reactive-streams\1.0.4\reactive-streams-1.0.4.jar;C:\Users\melanie.ralaiarinosy\.m2\repository\io\smallrye\reactive\mutiny-zero-flow-adapters\1.0.0\mutiny-zero-flow-adapters-1.0.0.jar;C:\Users\melanie.ralaiarinosy\.m2\repository\io\quarkus\resteasy\reactive\resteasy-reactive-vertx\3.0.3.Final\resteasy-reactive-vertx-3.0.3.Final.jar;C:\Users\melanie.ralaiarinosy\.m2\repository\io\smallrye\reactive\smallrye-mutiny-vertx-core\3.3.0\smallrye-mutiny-vertx-core-3.3.0.jar;C:\Users\melanie.ralaiarinosy\.m2\repository\io\smallrye\reactive\smallrye-mutiny-vertx-runtime\3.3.0\smallrye-mutiny-vertx-runtime-3.3.0.jar;C:\Users\melanie.ralaiarinosy\.m2\repository\io\smallrye\reactive\vertx-mutiny-generator\3.3.0\vertx-mutiny-generator-3.3.0.jar;C:\Users\melanie.ralaiarinosy\.m2\repository\io\vertx\vertx-codegen\4.4.1\vertx-codegen-4.4.1.jar;C:\Users\melanie.ralaiarinosy\.m2\repository\io\quarkus\resteasy\reactive\resteasy-reactive\3.0.3.Final\resteasy-reactive-3.0.3.Final.jar;C:\Users\melanie.ralaiarinosy\.m2\repository\jakarta\ws\rs\jakarta.ws.rs-api\3.1.0\jakarta.ws.rs-api-3.1.0.jar;C:\Users\melanie.ralaiarinosy\.m2\repository\org\jboss\logging\commons-logging-jboss-logging\1.0.0.Final\commons-logging-jboss-logging-1.0.0.Final.jar;C:\Users\melanie.ralaiarinosy\.m2\repository\jakarta\xml\bind\jakarta.xml.bind-api\4.0.0\jakarta.xml.bind-api-4.0.0.jar;C:\Users\melanie.ralaiarinosy\.m2\repository\jakarta\activation\jakarta.activation-api\2.1.1\jakarta.activation-api-2.1.1.jar;C:\Users\melanie.ralaiarinosy\.m2\repository\io\quarkus\quarkus-jsonp\3.0.3.Final\quarkus-jsonp-3.0.3.Final.jar;C:\Users\melanie.ralaiarinosy\.m2\repository\org\eclipse\parsson\parsson\1.1.1\parsson-1.1.1.jar;C:\Users\melanie.ralaiarinosy\.m2\repository\jakarta\json\jakarta.json-api\2.1.1\jakarta.json-api-2.1.1.jar;C:\Users\melanie.ralaiarinosy\.m2\repository\io\quarkus\quarkus-resteasy-reactive-jackson\3.0.3.Final\quarkus-resteasy-reactive-jackson-3.0.3.Final.jar;C:\Users\melanie.ralaiarinosy\.m2\repository\io\quarkus\quarkus-resteasy-reactive-jackson-common\3.0.3.Final\quarkus-resteasy-reactive-jackson-common-3.0.3.Final.jar;C:\Users\melanie.ralaiarinosy\.m2\repository\io\quarkus\resteasy\reactive\resteasy-reactive-jackson\3.0.3.Final\resteasy-reactive-jackson-3.0.3.Final.jar;C:\Users\melanie.ralaiarinosy\.m2\repository\com\fasterxml\jackson\core\jackson-databind\2.14.2\jackson-databind-2.14.2.jar;C:\Users\melanie.ralaiarinosy\.m2\repository\com\fasterxml\jackson\core\jackson-annotations\2.14.2\jackson-annotations-2.14.2.jar;C:\Users\melanie.ralaiarinosy\.m2\repository\io\quarkus\quarkus-jackson\3.0.3.Final\quarkus-jackson-3.0.3.Final.jar;C:\Users\melanie.ralaiarinosy\.m2\repository\com\fasterxml\jackson\datatype\jackson-datatype-jsr310\2.14.2\jackson-datatype-jsr310-2.14.2.jar;C:\Users\melanie.ralaiarinosy\.m2\repository\com\fasterxml\jackson\datatype\jackson-datatype-jdk8\2.14.2\jackson-datatype-jdk8-2.14.2.jar;C:\Users\melanie.ralaiarinosy\.m2\repository\com\fasterxml\jackson\module\jackson-module-parameter-names\2.14.2\jackson-module-parameter-names-2.14.2.jar;C:\Users\melanie.ralaiarinosy\.m2\repository\io\quarkus\quarkus-junit5\3.0.3.Final\quarkus-junit5-3.0.3.Final.jar;C:\Users\melanie.ralaiarinosy\.m2\repository\io\quarkus\quarkus-bootstrap-core\3.0.3.Final\quarkus-bootstrap-core-3.0.3.Final.jar;C:\Users\melanie.ralaiarinosy\.m2\repository\io\quarkus\quarkus-bootstrap-app-model\3.0.3.Final\quarkus-bootstrap-app-model-3.0.3.Final.jar;C:\Users\melanie.ralaiarinosy\.m2\repository\io\smallrye\common\smallrye-common-io\2.1.0\smallrye-common-io-2.1.0.jar;C:\Users\melanie.ralaiarinosy\.m2\repository\org\eclipse\sisu\org.eclipse.sisu.inject\0.3.5\org.eclipse.sisu.inject-0.3.5.jar;C:\Users\melanie.ralaiarinosy\.m2\repository\io\quarkus\quarkus-test-common\3.0.3.Final\quarkus-test-common-3.0.3.Final.jar;C:\Users\melanie.ralaiarinosy\.m2\repository\io\quarkus\quarkus-core-deployment\3.0.3.Final\quarkus-core-deployment-3.0.3.Final.jar;C:\Users\melanie.ralaiarinosy\.m2\repository\org\aesh\readline\2.4\readline-2.4.jar;C:\Users\melanie.ralaiarinosy\.m2\repository\org\fusesource\jansi\jansi\2.4.0\jansi-2.4.0.jar;C:\Users\melanie.ralaiarinosy\.m2\repository\org\aesh\aesh\2.7\aesh-2.7.jar;C:\Users\melanie.ralaiarinosy\.m2\repository\io\quarkus\gizmo\gizmo\1.6.1.Final\gizmo-1.6.1.Final.jar;C:\Users\melanie.ralaiarinosy\.m2\repository\org\ow2\asm\asm-util\9.5\asm-util-9.5.jar;C:\Users\melanie.ralaiarinosy\.m2\repository\org\ow2\asm\asm-analysis\9.5\asm-analysis-9.5.jar;C:\Users\melanie.ralaiarinosy\.m2\repository\org\ow2\asm\asm\9.5\asm-9.5.jar;C:\Users\melanie.ralaiarinosy\.m2\repository\org\ow2\asm\asm-commons\9.5\asm-commons-9.5.jar;C:\Users\melanie.ralaiarinosy\.m2\repository\org\ow2\asm\asm-tree\9.5\asm-tree-9.5.jar;C:\Users\melanie.ralaiarinosy\.m2\repository\io\quarkus\quarkus-class-change-agent\3.0.3.Final\quarkus-class-change-agent-3.0.3.Final.jar;C:\Users\melanie.ralaiarinosy\.m2\repository\io\quarkus\quarkus-devtools-utilities\3.0.3.Final\quarkus-devtools-utilities-3.0.3.Final.jar;C:\Users\melanie.ralaiarinosy\.m2\repository\io\quarkus\quarkus-builder\3.0.3.Final\quarkus-builder-3.0.3.Final.jar;C:\Users\melanie.ralaiarinosy\.m2\repository\org\junit\platform\junit-platform-launcher\1.9.2\junit-platform-launcher-1.9.2.jar;C:\Users\melanie.ralaiarinosy\.m2\repository\io\quarkus\quarkus-bootstrap-maven-resolver\3.0.3.Final\quarkus-bootstrap-maven-resolver-3.0.3.Final.jar;C:\Users\melanie.ralaiarinosy\.m2\repository\io\smallrye\beanbag\smallrye-beanbag-maven\1.1.0\smallrye-beanbag-maven-1.1.0.jar;C:\Users\melanie.ralaiarinosy\.m2\repository\io\smallrye\beanbag\smallrye-beanbag-sisu\1.1.0\smallrye-beanbag-sisu-1.1.0.jar;C:\Users\melanie.ralaiarinosy\.m2\repository\io\smallrye\beanbag\smallrye-beanbag\1.1.0\smallrye-beanbag-1.1.0.jar;C:\Users\melanie.ralaiarinosy\.m2\repository\javax\inject\javax.inject\1\javax.inject-1.jar;C:\Users\melanie.ralaiarinosy\.m2\repository\org\apache\maven\maven-artifact\3.9.1\maven-artifact-3.9.1.jar;C:\Users\melanie.ralaiarinosy\.m2\repository\org\apache\maven\maven-builder-support\3.9.1\maven-builder-support-3.9.1.jar;C:\Users\melanie.ralaiarinosy\.m2\repository\org\apache\maven\maven-model\3.9.1\maven-model-3.9.1.jar;C:\Users\melanie.ralaiarinosy\.m2\repository\org\apache\maven\maven-model-builder\3.9.1\maven-model-builder-3.9.1.jar;C:\Users\melanie.ralaiarinosy\.m2\repository\org\apache\maven\maven-repository-metadata\3.9.1\maven-repository-metadata-3.9.1.jar;C:\Users\melanie.ralaiarinosy\.m2\repository\org\apache\maven\maven-settings\3.9.1\maven-settings-3.9.1.jar;C:\Users\melanie.ralaiarinosy\.m2\repository\org\apache\maven\resolver\maven-resolver-api\1.9.7\maven-resolver-api-1.9.7.jar;C:\Users\melanie.ralaiarinosy\.m2\repository\org\apache\maven\resolver\maven-resolver-impl\1.9.7\maven-resolver-impl-1.9.7.jar;C:\Users\melanie.ralaiarinosy\.m2\repository\org\apache\maven\resolver\maven-resolver-named-locks\1.9.7\maven-resolver-named-locks-1.9.7.jar;C:\Users\melanie.ralaiarinosy\.m2\repository\org\apache\maven\resolver\maven-resolver-spi\1.9.7\maven-resolver-spi-1.9.7.jar;C:\Users\melanie.ralaiarinosy\.m2\repository\org\apache\maven\resolver\maven-resolver-util\1.9.7\maven-resolver-util-1.9.7.jar;C:\Users\melanie.ralaiarinosy\.m2\repository\org\apache\maven\wagon\wagon-provider-api\3.5.3\wagon-provider-api-3.5.3.jar;C:\Users\melanie.ralaiarinosy\.m2\repository\org\apache\maven\wagon\wagon-http-lightweight\3.5.3\wagon-http-lightweight-3.5.3.jar;C:\Users\melanie.ralaiarinosy\.m2\repository\org\apache\maven\wagon\wagon-http-shared\3.5.3\wagon-http-shared-3.5.3.jar;C:\Users\melanie.ralaiarinosy\.m2\repository\org\codehaus\plexus\plexus-interpolation\1.26\plexus-interpolation-1.26.jar;C:\Users\melanie.ralaiarinosy\.m2\repository\org\codehaus\plexus\plexus-utils\3.5.1\plexus-utils-3.5.1.jar;C:\Users\melanie.ralaiarinosy\.m2\repository\org\sonatype\plexus\plexus-cipher\1.7\plexus-cipher-1.7.jar;C:\Users\melanie.ralaiarinosy\.m2\repository\org\sonatype\plexus\plexus-sec-dispatcher\1.4\plexus-sec-dispatcher-1.4.jar;C:\Users\melanie.ralaiarinosy\.m2\repository\org\apache\maven\maven-embedder\3.9.1\maven-embedder-3.9.1.jar;C:\Users\melanie.ralaiarinosy\.m2\repository\org\apache\maven\maven-core\3.9.1\maven-core-3.9.1.jar;C:\Users\melanie.ralaiarinosy\.m2\repository\org\codehaus\plexus\plexus-component-annotations\2.1.0\plexus-component-annotations-2.1.0.jar;C:\Users\melanie.ralaiarinosy\.m2\repository\org\apache\maven\maven-plugin-api\3.9.1\maven-plugin-api-3.9.1.jar;C:\Users\melanie.ralaiarinosy\.m2\repository\org\apache\maven\shared\maven-shared-utils\3.3.4\maven-shared-utils-3.3.4.jar;C:\Users\melanie.ralaiarinosy\.m2\repository\com\google\inject\guice\5.1.0\guice-5.1.0.jar;C:\Users\melanie.ralaiarinosy\.m2\repository\aopalliance\aopalliance\1.0\aopalliance-1.0.jar;C:\Users\melanie.ralaiarinosy\.m2\repository\com\google\guava\guava\31.1-jre\guava-31.1-jre.jar;C:\Users\melanie.ralaiarinosy\.m2\repository\com\google\guava\failureaccess\1.0.1\failureaccess-1.0.1.jar;C:\Users\melanie.ralaiarinosy\.m2\repository\javax\annotation\javax.annotation-api\1.3.2\javax.annotation-api-1.3.2.jar;C:\Users\melanie.ralaiarinosy\.m2\repository\org\codehaus\plexus\plexus-classworlds\2.6.0\plexus-classworlds-2.6.0.jar;C:\Users\melanie.ralaiarinosy\.m2\repository\org\codehaus\plexus\plexus-sec-dispatcher\2.0\plexus-sec-dispatcher-2.0.jar;C:\Users\melanie.ralaiarinosy\.m2\repository\org\codehaus\plexus\plexus-cipher\2.0\plexus-cipher-2.0.jar;C:\Users\melanie.ralaiarinosy\.m2\repository\commons-cli\commons-cli\1.4\commons-cli-1.4.jar;C:\Users\melanie.ralaiarinosy\.m2\repository\org\eclipse\sisu\org.eclipse.sisu.plexus\0.3.5\org.eclipse.sisu.plexus-0.3.5.jar;C:\Users\melanie.ralaiarinosy\.m2\repository\org\apache\maven\maven-settings-builder\3.9.1\maven-settings-builder-3.9.1.jar;C:\Users\melanie.ralaiarinosy\.m2\repository\org\apache\maven\maven-resolver-provider\3.9.1\maven-resolver-provider-3.9.1.jar;C:\Users\melanie.ralaiarinosy\.m2\repository\org\apache\maven\resolver\maven-resolver-connector-basic\1.9.7\maven-resolver-connector-basic-1.9.7.jar;C:\Users\melanie.ralaiarinosy\.m2\repository\org\apache\maven\resolver\maven-resolver-transport-wagon\1.9.7\maven-resolver-transport-wagon-1.9.7.jar;C:\Users\melanie.ralaiarinosy\.m2\repository\org\apache\maven\wagon\wagon-http\3.5.3\wagon-http-3.5.3.jar;C:\Users\melanie.ralaiarinosy\.m2\repository\org\apache\maven\wagon\wagon-file\3.5.3\wagon-file-3.5.3.jar;C:\Users\melanie.ralaiarinosy\.m2\repository\io\quarkus\quarkus-bootstrap-gradle-resolver\3.0.3.Final\quarkus-bootstrap-gradle-resolver-3.0.3.Final.jar;C:\Users\melanie.ralaiarinosy\.m2\repository\io\smallrye\jandex\3.0.5\jandex-3.0.5.jar;C:\Users\melanie.ralaiarinosy\.m2\repository\commons-io\commons-io\2.11.0\commons-io-2.11.0.jar;C:\Users\melanie.ralaiarinosy\.m2\repository\io\quarkus\quarkus-junit5-properties\3.0.3.Final\quarkus-junit5-properties-3.0.3.Final.jar;C:\Users\melanie.ralaiarinosy\.m2\repository\org\junit\jupiter\junit-jupiter\5.9.2\junit-jupiter-5.9.2.jar;C:\Users\melanie.ralaiarinosy\.m2\repository\org\junit\jupiter\junit-jupiter-api\5.9.2\junit-jupiter-api-5.9.2.jar;C:\Users\melanie.ralaiarinosy\.m2\repository\org\junit\platform\junit-platform-commons\1.9.2\junit-platform-commons-1.9.2.jar;C:\Users\melanie.ralaiarinosy\.m2\repository\org\apiguardian\apiguardian-api\1.1.2\apiguardian-api-1.1.2.jar;C:\Users\melanie.ralaiarinosy\.m2\repository\org\junit\jupiter\junit-jupiter-params\5.9.2\junit-jupiter-params-5.9.2.jar;C:\Users\melanie.ralaiarinosy\.m2\repository\org\junit\jupiter\junit-jupiter-engine\5.9.2\junit-jupiter-engine-5.9.2.jar;C:\Users\melanie.ralaiarinosy\.m2\repository\org\junit\platform\junit-platform-engine\1.9.2\junit-platform-engine-1.9.2.jar;C:\Users\melanie.ralaiarinosy\.m2\repository\com\thoughtworks\xstream\xstream\1.4.20\xstream-1.4.20.jar;C:\Users\melanie.ralaiarinosy\.m2\repository\io\github\x-stream\mxparser\1.2.2\mxparser-1.2.2.jar;C:\Users\melanie.ralaiarinosy\.m2\repository\xmlpull\xmlpull\1.1.3.1\xmlpull-1.1.3.1.jar;C:\Users\melanie.ralaiarinosy\.m2\repository\io\rest-assured\rest-assured\5.3.0\rest-assured-5.3.0.jar;C:\Users\melanie.ralaiarinosy\.m2\repository\org\apache\groovy\groovy\4.0.6\groovy-4.0.6.jar;C:\Users\melanie.ralaiarinosy\.m2\repository\org\apache\groovy\groovy-xml\4.0.6\groovy-xml-4.0.6.jar;C:\Users\melanie.ralaiarinosy\.m2\repository\org\apache\httpcomponents\httpclient\4.5.14\httpclient-4.5.14.jar;C:\Users\melanie.ralaiarinosy\.m2\repository\org\apache\httpcomponents\httpcore\4.4.16\httpcore-4.4.16.jar;C:\Users\melanie.ralaiarinosy\.m2\repository\commons-codec\commons-codec\1.15\commons-codec-1.15.jar;C:\Users\melanie.ralaiarinosy\.m2\repository\org\apache\httpcomponents\httpmime\4.5.14\httpmime-4.5.14.jar;C:\Users\melanie.ralaiarinosy\.m2\repository\org\hamcrest\hamcrest\2.1\hamcrest-2.1.jar;C:\Users\melanie.ralaiarinosy\.m2\repository\org\ccil\cowan\tagsoup\tagsoup\1.2.1\tagsoup-1.2.1.jar;C:\Users\melanie.ralaiarinosy\.m2\repository\io\rest-assured\json-path\5.3.0\json-path-5.3.0.jar;C:\Users\melanie.ralaiarinosy\.m2\repository\org\apache\groovy\groovy-json\4.0.6\groovy-json-4.0.6.jar;C:\Users\melanie.ralaiarinosy\.m2\repository\io\rest-assured\rest-assured-common\5.3.0\rest-assured-common-5.3.0.jar;C:\Users\melanie.ralaiarinosy\.m2\repository\io\rest-assured\xml-path\5.3.0\xml-path-5.3.0.jar;C:\Users\melanie.ralaiarinosy\.m2\repository\org\apache\commons\commons-lang3\3.12.0\commons-lang3-3.12.0.jar;C:\Users\melanie.ralaiarinosy\.m2\repository\io\quarkiverse\quinoa\quarkus-quinoa-testing\2.0.3\quarkus-quinoa-testing-2.0.3.jar;C:\Users\melanie.ralaiarinosy\.m2\repository\com\microsoft\playwright\playwright\1.32.0\playwright-1.32.0.jar;C:\Users\melanie.ralaiarinosy\.m2\repository\com\google\code\gson\gson\2.10.1\gson-2.10.1.jar;C:\Users\melanie.ralaiarinosy\.m2\repository\org\opentest4j\opentest4j\1.2.0\opentest4j-1.2.0.jar;C:\Users\melanie.ralaiarinosy\.m2\repository\com\microsoft\playwright\driver\1.32.0\driver-1.32.0.jar;C:\Users\melanie.ralaiarinosy\.m2\repository\com\microsoft\playwright\driver-bundle\1.32.0\driver-bundle-1.32.0.jar;"/>
    <property name="java.vm.vendor" value="Eclipse Adoptium"/>
    <property name="sun.arch.data.model" value="32"/>
    <property name="user.variant" value=""/>
    <property name="java.vendor.url" value="https://adoptium.net/"/>
    <property name="user.timezone" value="Europe/Paris"/>
    <property name="logging.initial-configurator.min-level" value="500"/>
    <property name="os.name" value="Windows 11"/>
    <property name="java.vm.specification.version" value="17"/>
    <property name="sun.java.launcher" value="SUN_STANDARD"/>
    <property name="user.country" value="FR"/>
    <property name="sun.boot.library.path" value="C:\Users\melanie.ralaiarinosy\jdk\jdk-17.0.8.1+1\bin"/>
    <property name="sun.java.command" value="C:\Users\melanie.ralaiarinosy\AppData\Local\Temp\surefire13416445708448781356\surefirebooter-20231006142807207_3.jar C:\Users\melanie.ralaiarinosy\AppData\Local\Temp\surefire13416445708448781356 2023-10-06T14-28-06_906-jvmRun1 surefire-20231006142807207_1tmp surefire_0-20231006142807207_2tmp"/>
    <property name="jdk.debug" value="release"/>
    <property name="maven.home" value="C:\Users\melanie.ralaiarinosy\.m2\wrapper\dists\apache-maven-3.8.4-bin\52ccbt68d252mdldqsfsn03jlf\apache-maven-3.8.4"/>
    <property name="surefire.test.class.path" value="C:\Users\melanie.ralaiarinosy\IdeaProjects\quarkus-super-heroes\super-heroes\ui-super-heroes\target\test-classes;C:\Users\melanie.ralaiarinosy\IdeaProjects\quarkus-super-heroes\super-heroes\ui-super-heroes\target\classes;C:\Users\melanie.ralaiarinosy\.m2\repository\io\quarkiverse\quinoa\quarkus-quinoa\2.0.3\quarkus-quinoa-2.0.3.jar;C:\Users\melanie.ralaiarinosy\.m2\repository\io\quarkus\quarkus-vertx-http\3.0.3.Final\quarkus-vertx-http-3.0.3.Final.jar;C:\Users\melanie.ralaiarinosy\.m2\repository\io\quarkus\quarkus-security-runtime-spi\3.0.3.Final\quarkus-security-runtime-spi-3.0.3.Final.jar;C:\Users\melanie.ralaiarinosy\.m2\repository\io\quarkus\quarkus-credentials\3.0.3.Final\quarkus-credentials-3.0.3.Final.jar;C:\Users\melanie.ralaiarinosy\.m2\repository\io\quarkus\quarkus-mutiny\3.0.3.Final\quarkus-mutiny-3.0.3.Final.jar;C:\Users\melanie.ralaiarinosy\.m2\repository\io\quarkus\quarkus-smallrye-context-propagation\3.0.3.Final\quarkus-smallrye-context-propagation-3.0.3.Final.jar;C:\Users\melanie.ralaiarinosy\.m2\repository\io\smallrye\smallrye-context-propagation\2.1.0\smallrye-context-propagation-2.1.0.jar;C:\Users\melanie.ralaiarinosy\.m2\repository\io\smallrye\smallrye-context-propagation-api\2.1.0\smallrye-context-propagation-api-2.1.0.jar;C:\Users\melanie.ralaiarinosy\.m2\repository\io\smallrye\smallrye-context-propagation-storage\2.1.0\smallrye-context-propagation-storage-2.1.0.jar;C:\Users\melanie.ralaiarinosy\.m2\repository\io\smallrye\reactive\mutiny-smallrye-context-propagation\2.1.0\mutiny-smallrye-context-propagation-2.1.0.jar;C:\Users\melanie.ralaiarinosy\.m2\repository\io\smallrye\common\smallrye-common-vertx-context\2.1.0\smallrye-common-vertx-context-2.1.0.jar;C:\Users\melanie.ralaiarinosy\.m2\repository\io\smallrye\common\smallrye-common-constraint\2.1.0\smallrye-common-constraint-2.1.0.jar;C:\Users\melanie.ralaiarinosy\.m2\repository\io\quarkus\quarkus-vertx-http-dev-console-runtime-spi\3.0.3.Final\quarkus-vertx-http-dev-console-runtime-spi-3.0.3.Final.jar;C:\Users\melanie.ralaiarinosy\.m2\repository\io\quarkus\security\quarkus-security\2.0.2.Final\quarkus-security-2.0.2.Final.jar;C:\Users\melanie.ralaiarinosy\.m2\repository\io\quarkus\quarkus-vertx\3.0.3.Final\quarkus-vertx-3.0.3.Final.jar;C:\Users\melanie.ralaiarinosy\.m2\repository\io\quarkus\quarkus-netty\3.0.3.Final\quarkus-netty-3.0.3.Final.jar;C:\Users\melanie.ralaiarinosy\.m2\repository\io\netty\netty-codec\4.1.90.Final\netty-codec-4.1.90.Final.jar;C:\Users\melanie.ralaiarinosy\.m2\repository\com\aayushatharva\brotli4j\brotli4j\1.11.0\brotli4j-1.11.0.jar;C:\Users\melanie.ralaiarinosy\.m2\repository\com\aayushatharva\brotli4j\service\1.11.0\service-1.11.0.jar;C:\Users\melanie.ralaiarinosy\.m2\repository\io\netty\netty-codec-haproxy\4.1.90.Final\netty-codec-haproxy-4.1.90.Final.jar;C:\Users\melanie.ralaiarinosy\.m2\repository\io\smallrye\common\smallrye-common-annotation\2.1.0\smallrye-common-annotation-2.1.0.jar;C:\Users\melanie.ralaiarinosy\.m2\repository\io\quarkus\quarkus-vertx-latebound-mdc-provider\3.0.3.Final\quarkus-vertx-latebound-mdc-provider-3.0.3.Final.jar;C:\Users\melanie.ralaiarinosy\.m2\repository\io\smallrye\smallrye-fault-tolerance-vertx\6.2.2\smallrye-fault-tolerance-vertx-6.2.2.jar;C:\Users\melanie.ralaiarinosy\.m2\repository\io\smallrye\reactive\smallrye-mutiny-vertx-web\3.3.0\smallrye-mutiny-vertx-web-3.3.0.jar;C:\Users\melanie.ralaiarinosy\.m2\repository\io\smallrye\reactive\smallrye-mutiny-vertx-web-common\3.3.0\smallrye-mutiny-vertx-web-common-3.3.0.jar;C:\Users\melanie.ralaiarinosy\.m2\repository\io\smallrye\reactive\smallrye-mutiny-vertx-auth-common\3.3.0\smallrye-mutiny-vertx-auth-common-3.3.0.jar;C:\Users\melanie.ralaiarinosy\.m2\repository\io\smallrye\reactive\smallrye-mutiny-vertx-bridge-common\3.3.0\smallrye-mutiny-vertx-bridge-common-3.3.0.jar;C:\Users\melanie.ralaiarinosy\.m2\repository\io\smallrye\reactive\smallrye-mutiny-vertx-uri-template\3.3.0\smallrye-mutiny-vertx-uri-template-3.3.0.jar;C:\Users\melanie.ralaiarinosy\.m2\repository\io\vertx\vertx-web\4.4.1\vertx-web-4.4.1.jar;C:\Users\melanie.ralaiarinosy\.m2\repository\io\vertx\vertx-bridge-common\4.4.1\vertx-bridge-common-4.4.1.jar;C:\Users\melanie.ralaiarinosy\.m2\repository\io\github\crac\org-crac\0.1.3\org-crac-0.1.3.jar;C:\Users\melanie.ralaiarinosy\.m2\repository\io\vertx\vertx-web-client\4.4.1\vertx-web-client-4.4.1.jar;C:\Users\melanie.ralaiarinosy\.m2\repository\io\vertx\vertx-uri-template\4.4.1\vertx-uri-template-4.4.1.jar;C:\Users\melanie.ralaiarinosy\.m2\repository\io\vertx\vertx-web-common\4.4.1\vertx-web-common-4.4.1.jar;C:\Users\melanie.ralaiarinosy\.m2\repository\io\vertx\vertx-auth-common\4.4.1\vertx-auth-common-4.4.1.jar;C:\Users\melanie.ralaiarinosy\.m2\repository\io\vertx\vertx-core\4.4.1\vertx-core-4.4.1.jar;C:\Users\melanie.ralaiarinosy\.m2\repository\io\netty\netty-common\4.1.90.Final\netty-common-4.1.90.Final.jar;C:\Users\melanie.ralaiarinosy\.m2\repository\io\netty\netty-buffer\4.1.90.Final\netty-buffer-4.1.90.Final.jar;C:\Users\melanie.ralaiarinosy\.m2\repository\io\netty\netty-transport\4.1.90.Final\netty-transport-4.1.90.Final.jar;C:\Users\melanie.ralaiarinosy\.m2\repository\io\netty\netty-handler\4.1.90.Final\netty-handler-4.1.90.Final.jar;C:\Users\melanie.ralaiarinosy\.m2\repository\io\netty\netty-transport-native-unix-common\4.1.90.Final\netty-transport-native-unix-common-4.1.90.Final.jar;C:\Users\melanie.ralaiarinosy\.m2\repository\io\netty\netty-handler-proxy\4.1.90.Final\netty-handler-proxy-4.1.90.Final.jar;C:\Users\melanie.ralaiarinosy\.m2\repository\io\netty\netty-codec-socks\4.1.90.Final\netty-codec-socks-4.1.90.Final.jar;C:\Users\melanie.ralaiarinosy\.m2\repository\io\netty\netty-codec-http\4.1.90.Final\netty-codec-http-4.1.90.Final.jar;C:\Users\melanie.ralaiarinosy\.m2\repository\io\netty\netty-codec-http2\4.1.90.Final\netty-codec-http2-4.1.90.Final.jar;C:\Users\melanie.ralaiarinosy\.m2\repository\io\netty\netty-resolver\4.1.90.Final\netty-resolver-4.1.90.Final.jar;C:\Users\melanie.ralaiarinosy\.m2\repository\io\netty\netty-resolver-dns\4.1.90.Final\netty-resolver-dns-4.1.90.Final.jar;C:\Users\melanie.ralaiarinosy\.m2\repository\io\netty\netty-codec-dns\4.1.90.Final\netty-codec-dns-4.1.90.Final.jar;C:\Users\melanie.ralaiarinosy\.m2\repository\com\fasterxml\jackson\core\jackson-core\2.14.2\jackson-core-2.14.2.jar;C:\Users\melanie.ralaiarinosy\.m2\repository\io\quarkus\quarkus-arc\3.0.3.Final\quarkus-arc-3.0.3.Final.jar;C:\Users\melanie.ralaiarinosy\.m2\repository\io\quarkus\arc\arc\3.0.3.Final\arc-3.0.3.Final.jar;C:\Users\melanie.ralaiarinosy\.m2\repository\jakarta\enterprise\jakarta.enterprise.cdi-api\4.0.1\jakarta.enterprise.cdi-api-4.0.1.jar;C:\Users\melanie.ralaiarinosy\.m2\repository\jakarta\enterprise\jakarta.enterprise.lang-model\4.0.1\jakarta.enterprise.lang-model-4.0.1.jar;C:\Users\melanie.ralaiarinosy\.m2\repository\jakarta\el\jakarta.el-api\5.0.1\jakarta.el-api-5.0.1.jar;C:\Users\melanie.ralaiarinosy\.m2\repository\jakarta\interceptor\jakarta.interceptor-api\2.1.0\jakarta.interceptor-api-2.1.0.jar;C:\Users\melanie.ralaiarinosy\.m2\repository\jakarta\annotation\jakarta.annotation-api\2.1.1\jakarta.annotation-api-2.1.1.jar;C:\Users\melanie.ralaiarinosy\.m2\repository\jakarta\transaction\jakarta.transaction-api\2.0.1\jakarta.transaction-api-2.0.1.jar;C:\Users\melanie.ralaiarinosy\.m2\repository\io\smallrye\reactive\mutiny\2.1.0\mutiny-2.1.0.jar;C:\Users\melanie.ralaiarinosy\.m2\repository\org\jboss\logging\jboss-logging\3.5.0.Final\jboss-logging-3.5.0.Final.jar;C:\Users\melanie.ralaiarinosy\.m2\repository\io\quarkus\quarkus-core\3.0.3.Final\quarkus-core-3.0.3.Final.jar;C:\Users\melanie.ralaiarinosy\.m2\repository\jakarta\inject\jakarta.inject-api\2.0.1\jakarta.inject-api-2.0.1.jar;C:\Users\melanie.ralaiarinosy\.m2\repository\io\smallrye\common\smallrye-common-os\2.1.0\smallrye-common-os-2.1.0.jar;C:\Users\melanie.ralaiarinosy\.m2\repository\io\quarkus\quarkus-ide-launcher\3.0.3.Final\quarkus-ide-launcher-3.0.3.Final.jar;C:\Users\melanie.ralaiarinosy\.m2\repository\io\quarkus\quarkus-development-mode-spi\3.0.3.Final\quarkus-development-mode-spi-3.0.3.Final.jar;C:\Users\melanie.ralaiarinosy\.m2\repository\io\smallrye\config\smallrye-config\3.2.1\smallrye-config-3.2.1.jar;C:\Users\melanie.ralaiarinosy\.m2\repository\io\smallrye\config\smallrye-config-core\3.2.1\smallrye-config-core-3.2.1.jar;C:\Users\melanie.ralaiarinosy\.m2\repository\org\eclipse\microprofile\config\microprofile-config-api\3.0.3\microprofile-config-api-3.0.3.jar;C:\Users\melanie.ralaiarinosy\.m2\repository\io\smallrye\common\smallrye-common-expression\2.1.0\smallrye-common-expression-2.1.0.jar;C:\Users\melanie.ralaiarinosy\.m2\repository\io\smallrye\common\smallrye-common-function\2.1.0\smallrye-common-function-2.1.0.jar;C:\Users\melanie.ralaiarinosy\.m2\repository\io\smallrye\common\smallrye-common-classloader\2.1.0\smallrye-common-classloader-2.1.0.jar;C:\Users\melanie.ralaiarinosy\.m2\repository\io\smallrye\config\smallrye-config-common\3.2.1\smallrye-config-common-3.2.1.jar;C:\Users\melanie.ralaiarinosy\.m2\repository\org\jboss\logmanager\jboss-logmanager-embedded\1.1.1\jboss-logmanager-embedded-1.1.1.jar;C:\Users\melanie.ralaiarinosy\.m2\repository\org\jboss\logging\jboss-logging-annotations\2.2.1.Final\jboss-logging-annotations-2.2.1.Final.jar;C:\Users\melanie.ralaiarinosy\.m2\repository\org\jboss\threads\jboss-threads\3.5.0.Final\jboss-threads-3.5.0.Final.jar;C:\Users\melanie.ralaiarinosy\.m2\repository\org\slf4j\slf4j-api\2.0.6\slf4j-api-2.0.6.jar;C:\Users\melanie.ralaiarinosy\.m2\repository\org\jboss\slf4j\slf4j-jboss-logmanager\2.0.0.Final\slf4j-jboss-logmanager-2.0.0.Final.jar;C:\Users\melanie.ralaiarinosy\.m2\repository\org\graalvm\sdk\graal-sdk\22.3.0\graal-sdk-22.3.0.jar;C:\Users\melanie.ralaiarinosy\.m2\repository\org\wildfly\common\wildfly-common\1.5.4.Final-format-001\wildfly-common-1.5.4.Final-format-001.jar;C:\Users\melanie.ralaiarinosy\.m2\repository\io\quarkus\quarkus-bootstrap-runner\3.0.3.Final\quarkus-bootstrap-runner-3.0.3.Final.jar;C:\Users\melanie.ralaiarinosy\.m2\repository\io\quarkus\quarkus-fs-util\0.0.9\quarkus-fs-util-0.0.9.jar;C:\Users\melanie.ralaiarinosy\.m2\repository\org\eclipse\microprofile\context-propagation\microprofile-context-propagation-api\1.3\microprofile-context-propagation-api-1.3.jar;C:\Users\melanie.ralaiarinosy\.m2\repository\io\quarkus\quarkus-resteasy-reactive\3.0.3.Final\quarkus-resteasy-reactive-3.0.3.Final.jar;C:\Users\melanie.ralaiarinosy\.m2\repository\io\quarkus\quarkus-resteasy-reactive-common\3.0.3.Final\quarkus-resteasy-reactive-common-3.0.3.Final.jar;C:\Users\melanie.ralaiarinosy\.m2\repository\io\quarkus\resteasy\reactive\resteasy-reactive-common\3.0.3.Final\resteasy-reactive-common-3.0.3.Final.jar;C:\Users\melanie.ralaiarinosy\.m2\repository\io\quarkus\resteasy\reactive\resteasy-reactive-common-types\3.0.3.Final\resteasy-reactive-common-types-3.0.3.Final.jar;C:\Users\melanie.ralaiarinosy\.m2\repository\org\reactivestreams\reactive-streams\1.0.4\reactive-streams-1.0.4.jar;C:\Users\melanie.ralaiarinosy\.m2\repository\io\smallrye\reactive\mutiny-zero-flow-adapters\1.0.0\mutiny-zero-flow-adapters-1.0.0.jar;C:\Users\melanie.ralaiarinosy\.m2\repository\io\quarkus\resteasy\reactive\resteasy-reactive-vertx\3.0.3.Final\resteasy-reactive-vertx-3.0.3.Final.jar;C:\Users\melanie.ralaiarinosy\.m2\repository\io\smallrye\reactive\smallrye-mutiny-vertx-core\3.3.0\smallrye-mutiny-vertx-core-3.3.0.jar;C:\Users\melanie.ralaiarinosy\.m2\repository\io\smallrye\reactive\smallrye-mutiny-vertx-runtime\3.3.0\smallrye-mutiny-vertx-runtime-3.3.0.jar;C:\Users\melanie.ralaiarinosy\.m2\repository\io\smallrye\reactive\vertx-mutiny-generator\3.3.0\vertx-mutiny-generator-3.3.0.jar;C:\Users\melanie.ralaiarinosy\.m2\repository\io\vertx\vertx-codegen\4.4.1\vertx-codegen-4.4.1.jar;C:\Users\melanie.ralaiarinosy\.m2\repository\io\quarkus\resteasy\reactive\resteasy-reactive\3.0.3.Final\resteasy-reactive-3.0.3.Final.jar;C:\Users\melanie.ralaiarinosy\.m2\repository\jakarta\ws\rs\jakarta.ws.rs-api\3.1.0\jakarta.ws.rs-api-3.1.0.jar;C:\Users\melanie.ralaiarinosy\.m2\repository\org\jboss\logging\commons-logging-jboss-logging\1.0.0.Final\commons-logging-jboss-logging-1.0.0.Final.jar;C:\Users\melanie.ralaiarinosy\.m2\repository\jakarta\xml\bind\jakarta.xml.bind-api\4.0.0\jakarta.xml.bind-api-4.0.0.jar;C:\Users\melanie.ralaiarinosy\.m2\repository\jakarta\activation\jakarta.activation-api\2.1.1\jakarta.activation-api-2.1.1.jar;C:\Users\melanie.ralaiarinosy\.m2\repository\io\quarkus\quarkus-jsonp\3.0.3.Final\quarkus-jsonp-3.0.3.Final.jar;C:\Users\melanie.ralaiarinosy\.m2\repository\org\eclipse\parsson\parsson\1.1.1\parsson-1.1.1.jar;C:\Users\melanie.ralaiarinosy\.m2\repository\jakarta\json\jakarta.json-api\2.1.1\jakarta.json-api-2.1.1.jar;C:\Users\melanie.ralaiarinosy\.m2\repository\io\quarkus\quarkus-resteasy-reactive-jackson\3.0.3.Final\quarkus-resteasy-reactive-jackson-3.0.3.Final.jar;C:\Users\melanie.ralaiarinosy\.m2\repository\io\quarkus\quarkus-resteasy-reactive-jackson-common\3.0.3.Final\quarkus-resteasy-reactive-jackson-common-3.0.3.Final.jar;C:\Users\melanie.ralaiarinosy\.m2\repository\io\quarkus\resteasy\reactive\resteasy-reactive-jackson\3.0.3.Final\resteasy-reactive-jackson-3.0.3.Final.jar;C:\Users\melanie.ralaiarinosy\.m2\repository\com\fasterxml\jackson\core\jackson-databind\2.14.2\jackson-databind-2.14.2.jar;C:\Users\melanie.ralaiarinosy\.m2\repository\com\fasterxml\jackson\core\jackson-annotations\2.14.2\jackson-annotations-2.14.2.jar;C:\Users\melanie.ralaiarinosy\.m2\repository\io\quarkus\quarkus-jackson\3.0.3.Final\quarkus-jackson-3.0.3.Final.jar;C:\Users\melanie.ralaiarinosy\.m2\repository\com\fasterxml\jackson\datatype\jackson-datatype-jsr310\2.14.2\jackson-datatype-jsr310-2.14.2.jar;C:\Users\melanie.ralaiarinosy\.m2\repository\com\fasterxml\jackson\datatype\jackson-datatype-jdk8\2.14.2\jackson-datatype-jdk8-2.14.2.jar;C:\Users\melanie.ralaiarinosy\.m2\repository\com\fasterxml\jackson\module\jackson-module-parameter-names\2.14.2\jackson-module-parameter-names-2.14.2.jar;C:\Users\melanie.ralaiarinosy\.m2\repository\io\quarkus\quarkus-junit5\3.0.3.Final\quarkus-junit5-3.0.3.Final.jar;C:\Users\melanie.ralaiarinosy\.m2\repository\io\quarkus\quarkus-bootstrap-core\3.0.3.Final\quarkus-bootstrap-core-3.0.3.Final.jar;C:\Users\melanie.ralaiarinosy\.m2\repository\io\quarkus\quarkus-bootstrap-app-model\3.0.3.Final\quarkus-bootstrap-app-model-3.0.3.Final.jar;C:\Users\melanie.ralaiarinosy\.m2\repository\io\smallrye\common\smallrye-common-io\2.1.0\smallrye-common-io-2.1.0.jar;C:\Users\melanie.ralaiarinosy\.m2\repository\org\eclipse\sisu\org.eclipse.sisu.inject\0.3.5\org.eclipse.sisu.inject-0.3.5.jar;C:\Users\melanie.ralaiarinosy\.m2\repository\io\quarkus\quarkus-test-common\3.0.3.Final\quarkus-test-common-3.0.3.Final.jar;C:\Users\melanie.ralaiarinosy\.m2\repository\io\quarkus\quarkus-core-deployment\3.0.3.Final\quarkus-core-deployment-3.0.3.Final.jar;C:\Users\melanie.ralaiarinosy\.m2\repository\org\aesh\readline\2.4\readline-2.4.jar;C:\Users\melanie.ralaiarinosy\.m2\repository\org\fusesource\jansi\jansi\2.4.0\jansi-2.4.0.jar;C:\Users\melanie.ralaiarinosy\.m2\repository\org\aesh\aesh\2.7\aesh-2.7.jar;C:\Users\melanie.ralaiarinosy\.m2\repository\io\quarkus\gizmo\gizmo\1.6.1.Final\gizmo-1.6.1.Final.jar;C:\Users\melanie.ralaiarinosy\.m2\repository\org\ow2\asm\asm-util\9.5\asm-util-9.5.jar;C:\Users\melanie.ralaiarinosy\.m2\repository\org\ow2\asm\asm-analysis\9.5\asm-analysis-9.5.jar;C:\Users\melanie.ralaiarinosy\.m2\repository\org\ow2\asm\asm\9.5\asm-9.5.jar;C:\Users\melanie.ralaiarinosy\.m2\repository\org\ow2\asm\asm-commons\9.5\asm-commons-9.5.jar;C:\Users\melanie.ralaiarinosy\.m2\repository\org\ow2\asm\asm-tree\9.5\asm-tree-9.5.jar;C:\Users\melanie.ralaiarinosy\.m2\repository\io\quarkus\quarkus-class-change-agent\3.0.3.Final\quarkus-class-change-agent-3.0.3.Final.jar;C:\Users\melanie.ralaiarinosy\.m2\repository\io\quarkus\quarkus-devtools-utilities\3.0.3.Final\quarkus-devtools-utilities-3.0.3.Final.jar;C:\Users\melanie.ralaiarinosy\.m2\repository\io\quarkus\quarkus-builder\3.0.3.Final\quarkus-builder-3.0.3.Final.jar;C:\Users\melanie.ralaiarinosy\.m2\repository\org\junit\platform\junit-platform-launcher\1.9.2\junit-platform-launcher-1.9.2.jar;C:\Users\melanie.ralaiarinosy\.m2\repository\io\quarkus\quarkus-bootstrap-maven-resolver\3.0.3.Final\quarkus-bootstrap-maven-resolver-3.0.3.Final.jar;C:\Users\melanie.ralaiarinosy\.m2\repository\io\smallrye\beanbag\smallrye-beanbag-maven\1.1.0\smallrye-beanbag-maven-1.1.0.jar;C:\Users\melanie.ralaiarinosy\.m2\repository\io\smallrye\beanbag\smallrye-beanbag-sisu\1.1.0\smallrye-beanbag-sisu-1.1.0.jar;C:\Users\melanie.ralaiarinosy\.m2\repository\io\smallrye\beanbag\smallrye-beanbag\1.1.0\smallrye-beanbag-1.1.0.jar;C:\Users\melanie.ralaiarinosy\.m2\repository\javax\inject\javax.inject\1\javax.inject-1.jar;C:\Users\melanie.ralaiarinosy\.m2\repository\org\apache\maven\maven-artifact\3.9.1\maven-artifact-3.9.1.jar;C:\Users\melanie.ralaiarinosy\.m2\repository\org\apache\maven\maven-builder-support\3.9.1\maven-builder-support-3.9.1.jar;C:\Users\melanie.ralaiarinosy\.m2\repository\org\apache\maven\maven-model\3.9.1\maven-model-3.9.1.jar;C:\Users\melanie.ralaiarinosy\.m2\repository\org\apache\maven\maven-model-builder\3.9.1\maven-model-builder-3.9.1.jar;C:\Users\melanie.ralaiarinosy\.m2\repository\org\apache\maven\maven-repository-metadata\3.9.1\maven-repository-metadata-3.9.1.jar;C:\Users\melanie.ralaiarinosy\.m2\repository\org\apache\maven\maven-settings\3.9.1\maven-settings-3.9.1.jar;C:\Users\melanie.ralaiarinosy\.m2\repository\org\apache\maven\resolver\maven-resolver-api\1.9.7\maven-resolver-api-1.9.7.jar;C:\Users\melanie.ralaiarinosy\.m2\repository\org\apache\maven\resolver\maven-resolver-impl\1.9.7\maven-resolver-impl-1.9.7.jar;C:\Users\melanie.ralaiarinosy\.m2\repository\org\apache\maven\resolver\maven-resolver-named-locks\1.9.7\maven-resolver-named-locks-1.9.7.jar;C:\Users\melanie.ralaiarinosy\.m2\repository\org\apache\maven\resolver\maven-resolver-spi\1.9.7\maven-resolver-spi-1.9.7.jar;C:\Users\melanie.ralaiarinosy\.m2\repository\org\apache\maven\resolver\maven-resolver-util\1.9.7\maven-resolver-util-1.9.7.jar;C:\Users\melanie.ralaiarinosy\.m2\repository\org\apache\maven\wagon\wagon-provider-api\3.5.3\wagon-provider-api-3.5.3.jar;C:\Users\melanie.ralaiarinosy\.m2\repository\org\apache\maven\wagon\wagon-http-lightweight\3.5.3\wagon-http-lightweight-3.5.3.jar;C:\Users\melanie.ralaiarinosy\.m2\repository\org\apache\maven\wagon\wagon-http-shared\3.5.3\wagon-http-shared-3.5.3.jar;C:\Users\melanie.ralaiarinosy\.m2\repository\org\codehaus\plexus\plexus-interpolation\1.26\plexus-interpolation-1.26.jar;C:\Users\melanie.ralaiarinosy\.m2\repository\org\codehaus\plexus\plexus-utils\3.5.1\plexus-utils-3.5.1.jar;C:\Users\melanie.ralaiarinosy\.m2\repository\org\sonatype\plexus\plexus-cipher\1.7\plexus-cipher-1.7.jar;C:\Users\melanie.ralaiarinosy\.m2\repository\org\sonatype\plexus\plexus-sec-dispatcher\1.4\plexus-sec-dispatcher-1.4.jar;C:\Users\melanie.ralaiarinosy\.m2\repository\org\apache\maven\maven-embedder\3.9.1\maven-embedder-3.9.1.jar;C:\Users\melanie.ralaiarinosy\.m2\repository\org\apache\maven\maven-core\3.9.1\maven-core-3.9.1.jar;C:\Users\melanie.ralaiarinosy\.m2\repository\org\codehaus\plexus\plexus-component-annotations\2.1.0\plexus-component-annotations-2.1.0.jar;C:\Users\melanie.ralaiarinosy\.m2\repository\org\apache\maven\maven-plugin-api\3.9.1\maven-plugin-api-3.9.1.jar;C:\Users\melanie.ralaiarinosy\.m2\repository\org\apache\maven\shared\maven-shared-utils\3.3.4\maven-shared-utils-3.3.4.jar;C:\Users\melanie.ralaiarinosy\.m2\repository\com\google\inject\guice\5.1.0\guice-5.1.0.jar;C:\Users\melanie.ralaiarinosy\.m2\repository\aopalliance\aopalliance\1.0\aopalliance-1.0.jar;C:\Users\melanie.ralaiarinosy\.m2\repository\com\google\guava\guava\31.1-jre\guava-31.1-jre.jar;C:\Users\melanie.ralaiarinosy\.m2\repository\com\google\guava\failureaccess\1.0.1\failureaccess-1.0.1.jar;C:\Users\melanie.ralaiarinosy\.m2\repository\javax\annotation\javax.annotation-api\1.3.2\javax.annotation-api-1.3.2.jar;C:\Users\melanie.ralaiarinosy\.m2\repository\org\codehaus\plexus\plexus-classworlds\2.6.0\plexus-classworlds-2.6.0.jar;C:\Users\melanie.ralaiarinosy\.m2\repository\org\codehaus\plexus\plexus-sec-dispatcher\2.0\plexus-sec-dispatcher-2.0.jar;C:\Users\melanie.ralaiarinosy\.m2\repository\org\codehaus\plexus\plexus-cipher\2.0\plexus-cipher-2.0.jar;C:\Users\melanie.ralaiarinosy\.m2\repository\commons-cli\commons-cli\1.4\commons-cli-1.4.jar;C:\Users\melanie.ralaiarinosy\.m2\repository\org\eclipse\sisu\org.eclipse.sisu.plexus\0.3.5\org.eclipse.sisu.plexus-0.3.5.jar;C:\Users\melanie.ralaiarinosy\.m2\repository\org\apache\maven\maven-settings-builder\3.9.1\maven-settings-builder-3.9.1.jar;C:\Users\melanie.ralaiarinosy\.m2\repository\org\apache\maven\maven-resolver-provider\3.9.1\maven-resolver-provider-3.9.1.jar;C:\Users\melanie.ralaiarinosy\.m2\repository\org\apache\maven\resolver\maven-resolver-connector-basic\1.9.7\maven-resolver-connector-basic-1.9.7.jar;C:\Users\melanie.ralaiarinosy\.m2\repository\org\apache\maven\resolver\maven-resolver-transport-wagon\1.9.7\maven-resolver-transport-wagon-1.9.7.jar;C:\Users\melanie.ralaiarinosy\.m2\repository\org\apache\maven\wagon\wagon-http\3.5.3\wagon-http-3.5.3.jar;C:\Users\melanie.ralaiarinosy\.m2\repository\org\apache\maven\wagon\wagon-file\3.5.3\wagon-file-3.5.3.jar;C:\Users\melanie.ralaiarinosy\.m2\repository\io\quarkus\quarkus-bootstrap-gradle-resolver\3.0.3.Final\quarkus-bootstrap-gradle-resolver-3.0.3.Final.jar;C:\Users\melanie.ralaiarinosy\.m2\repository\io\smallrye\jandex\3.0.5\jandex-3.0.5.jar;C:\Users\melanie.ralaiarinosy\.m2\repository\commons-io\commons-io\2.11.0\commons-io-2.11.0.jar;C:\Users\melanie.ralaiarinosy\.m2\repository\io\quarkus\quarkus-junit5-properties\3.0.3.Final\quarkus-junit5-properties-3.0.3.Final.jar;C:\Users\melanie.ralaiarinosy\.m2\repository\org\junit\jupiter\junit-jupiter\5.9.2\junit-jupiter-5.9.2.jar;C:\Users\melanie.ralaiarinosy\.m2\repository\org\junit\jupiter\junit-jupiter-api\5.9.2\junit-jupiter-api-5.9.2.jar;C:\Users\melanie.ralaiarinosy\.m2\repository\org\junit\platform\junit-platform-commons\1.9.2\junit-platform-commons-1.9.2.jar;C:\Users\melanie.ralaiarinosy\.m2\repository\org\apiguardian\apiguardian-api\1.1.2\apiguardian-api-1.1.2.jar;C:\Users\melanie.ralaiarinosy\.m2\repository\org\junit\jupiter\junit-jupiter-params\5.9.2\junit-jupiter-params-5.9.2.jar;C:\Users\melanie.ralaiarinosy\.m2\repository\org\junit\jupiter\junit-jupiter-engine\5.9.2\junit-jupiter-engine-5.9.2.jar;C:\Users\melanie.ralaiarinosy\.m2\repository\org\junit\platform\junit-platform-engine\1.9.2\junit-platform-engine-1.9.2.jar;C:\Users\melanie.ralaiarinosy\.m2\repository\com\thoughtworks\xstream\xstream\1.4.20\xstream-1.4.20.jar;C:\Users\melanie.ralaiarinosy\.m2\repository\io\github\x-stream\mxparser\1.2.2\mxparser-1.2.2.jar;C:\Users\melanie.ralaiarinosy\.m2\repository\xmlpull\xmlpull\1.1.3.1\xmlpull-1.1.3.1.jar;C:\Users\melanie.ralaiarinosy\.m2\repository\io\rest-assured\rest-assured\5.3.0\rest-assured-5.3.0.jar;C:\Users\melanie.ralaiarinosy\.m2\repository\org\apache\groovy\groovy\4.0.6\groovy-4.0.6.jar;C:\Users\melanie.ralaiarinosy\.m2\repository\org\apache\groovy\groovy-xml\4.0.6\groovy-xml-4.0.6.jar;C:\Users\melanie.ralaiarinosy\.m2\repository\org\apache\httpcomponents\httpclient\4.5.14\httpclient-4.5.14.jar;C:\Users\melanie.ralaiarinosy\.m2\repository\org\apache\httpcomponents\httpcore\4.4.16\httpcore-4.4.16.jar;C:\Users\melanie.ralaiarinosy\.m2\repository\commons-codec\commons-codec\1.15\commons-codec-1.15.jar;C:\Users\melanie.ralaiarinosy\.m2\repository\org\apache\httpcomponents\httpmime\4.5.14\httpmime-4.5.14.jar;C:\Users\melanie.ralaiarinosy\.m2\repository\org\hamcrest\hamcrest\2.1\hamcrest-2.1.jar;C:\Users\melanie.ralaiarinosy\.m2\repository\org\ccil\cowan\tagsoup\tagsoup\1.2.1\tagsoup-1.2.1.jar;C:\Users\melanie.ralaiarinosy\.m2\repository\io\rest-assured\json-path\5.3.0\json-path-5.3.0.jar;C:\Users\melanie.ralaiarinosy\.m2\repository\org\apache\groovy\groovy-json\4.0.6\groovy-json-4.0.6.jar;C:\Users\melanie.ralaiarinosy\.m2\repository\io\rest-assured\rest-assured-common\5.3.0\rest-assured-common-5.3.0.jar;C:\Users\melanie.ralaiarinosy\.m2\repository\io\rest-assured\xml-path\5.3.0\xml-path-5.3.0.jar;C:\Users\melanie.ralaiarinosy\.m2\repository\org\apache\commons\commons-lang3\3.12.0\commons-lang3-3.12.0.jar;C:\Users\melanie.ralaiarinosy\.m2\repository\io\quarkiverse\quinoa\quarkus-quinoa-testing\2.0.3\quarkus-quinoa-testing-2.0.3.jar;C:\Users\melanie.ralaiarinosy\.m2\repository\com\microsoft\playwright\playwright\1.32.0\playwright-1.32.0.jar;C:\Users\melanie.ralaiarinosy\.m2\repository\com\google\code\gson\gson\2.10.1\gson-2.10.1.jar;C:\Users\melanie.ralaiarinosy\.m2\repository\org\opentest4j\opentest4j\1.2.0\opentest4j-1.2.0.jar;C:\Users\melanie.ralaiarinosy\.m2\repository\com\microsoft\playwright\driver\1.32.0\driver-1.32.0.jar;C:\Users\melanie.ralaiarinosy\.m2\repository\com\microsoft\playwright\driver-bundle\1.32.0\driver-bundle-1.32.0.jar;"/>
    <property name="sun.cpu.endian" value="little"/>
    <property name="vertx.disableWebsockets" value="true"/>
    <property name="user.home" value="C:\Users\melanie.ralaiarinosy"/>
    <property name="user.language" value="fr"/>
    <property name="jboss.log-version" value="false"/>
    <property name="java.specification.vendor" value="Oracle Corporation"/>
    <property name="io.netty.allocator.maxOrder" value="3"/>
    <property name="java.version.date" value="2023-08-24"/>
    <property name="java.home" value="C:\Users\melanie.ralaiarinosy\jdk\jdk-17.0.8.1+1"/>
    <property name="file.separator" value="\"/>
    <property name="basedir" value="C:\Users\melanie.ralaiarinosy\IdeaProjects\quarkus-super-heroes\super-heroes\ui-super-heroes"/>
    <property name="line.separator" value="&#10;"/>
    <property name="java.vm.specification.vendor" value="Oracle Corporation"/>
    <property name="java.specification.name" value="Java Platform API Specification"/>
    <property name="surefire.real.class.path" value="C:\Users\melanie.ralaiarinosy\AppData\Local\Temp\surefire13416445708448781356\surefirebooter-20231006142807207_3.jar"/>
    <property name="user.script" value=""/>
    <property name="sun.management.compiler" value="HotSpot Client Compiler"/>
    <property name="java.runtime.version" value="17.0.8.1+1"/>
    <property name="user.name" value="melanie.ralaiarinosy"/>
    <property name="path.separator" value=";"/>
    <property name="os.version" value="10.0"/>
    <property name="java.runtime.name" value="OpenJDK Runtime Environment"/>
    <property name="file.encoding" value="Cp1252"/>
    <property name="quarkus.quinoa" value="true"/>
    <property name="java.vm.name" value="OpenJDK Client VM"/>
    <property name="java.vendor.version" value="Temurin-17.0.8.1+1"/>
    <property name="localRepository" value="C:\Users\melanie.ralaiarinosy\.m2\repository"/>
    <property name="java.vendor.url.bug" value="https://github.com/adoptium/adoptium-support/issues"/>
    <property name="java.io.tmpdir" value="C:\Users\MELANI~1.RAL\AppData\Local\Temp\"/>
    <property name="quarkus.log.file.path" value="target\target\quarkus.log"/>
    <property name="java.version" value="17.0.8.1"/>
    <property name="java.util.concurrent.ForkJoinPool.common.threadFactory" value="io.quarkus.bootstrap.forkjoin.QuarkusForkJoinWorkerThreadFactory"/>
    <property name="user.dir" value="C:\Users\melanie.ralaiarinosy\IdeaProjects\quarkus-super-heroes\super-heroes\ui-super-heroes"/>
    <property name="os.arch" value="x86"/>
    <property name="java.vm.specification.name" value="Java Virtual Machine Specification"/>
    <property name="vertx.disableDnsResolver" value="true"/>
    <property name="sun.os.patch.level" value=""/>
    <property name="native.encoding" value="Cp1252"/>
    <property name="java.util.logging.manager" value="org.jboss.logmanager.LogManager"/>
    <property name="java.library.path" value="C:\Users\melanie.ralaiarinosy\jdk\jdk-17.0.8.1+1\bin;C:\Windows\Sun\Java\bin;C:\Windows\system32;C:\Windows;C:\Users\melanie.ralaiarinosy\Graal\graalvm-jdk-17.0.8+9.1\bin;%PATH%;;C:\Program Files\Docker\Docker\resources\bin;C:\Users\melanie.ralaiarinosy\AppData\Local\Microsoft\WindowsApps;C:\Users\melanie.ralaiarinosy\AppData\Local\Programs\Microsoft VS Code\bin;C:\Users\melanie.ralaiarinosy\AppData\Roaming\npm;C:\Program Files\JetBrains\IntelliJ IDEA Educational Edition 2022.2.2\bin;;C:\Program Files\Git\cmd;C:\Program Files\1PasswordCLI;C:\ProgramData\chocolatey\bin;C:\Program Files (x86)\;C:\Program Files\nodejs\;C:\Program Files\Powershell\7\;C:\Program Files\Docker\Docker\resources\bin;C:\Windows;C:\Windows\System32;C:\Windows\System32\Wbem;C:\Windows\System32\WindowsPowerShell\v1.0\;C:\Users\melanie.ralaiarinosy\jdk\jdk-17.0.8.1+1\bin;;."/>
    <property name="java.vm.info" value="mixed mode, emulated-client"/>
    <property name="java.vendor" value="Eclipse Adoptium"/>
    <property name="vertx.disableTCCL" value="true"/>
    <property name="java.vm.version" value="17.0.8.1+1"/>
    <property name="sun.io.unicode.encoding" value="UnicodeLittle"/>
    <property name="io.netty.machineId" value="09:29:7c:05:50:ed:5b:7c"/>
    <property name="java.class.version" value="61.0"/>
  </properties>
  <testcase name="webApplicationEndpoint" classname="io.quarkus.workshop.superheroes.ui.WebUITests" time="0">
    <error message="java.lang.RuntimeException: io.quarkus.builder.BuildException: Build failure: Build failed due to errors&#10;	[error]: Build step io.quarkiverse.quinoa.deployment.QuinoaProcessor#processBuild threw an exception: java.lang.RuntimeException: Error in Quinoa while running package manager build command: node.exe C:\Users\melanie.ralaiarinosy\IdeaProjects\quarkus-super-heroes\super-heroes\ui-super-heroes\.quinoa\node\node_modules\npm\bin\npm-cli.js run build&#10;	at io.quarkiverse.quinoa.deployment.packagemanager.PackageManager.build(PackageManager.java:55)&#10;	at io.quarkiverse.quinoa.deployment.QuinoaProcessor.processBuild(QuinoaProcessor.java:137)&#10;	at java.base/jdk.internal.reflect.NativeMethodAccessorImpl.invoke0(Native Method)&#10;	at java.base/jdk.internal.reflect.NativeMethodAccessorImpl.invoke(NativeMethodAccessorImpl.java:77)&#10;	at java.base/jdk.internal.reflect.DelegatingMethodAccessorImpl.invoke(DelegatingMethodAccessorImpl.java:43)&#10;	at java.base/java.lang.reflect.Method.invoke(Method.java:568)&#10;	at io.quarkus.deployment.ExtensionLoader$3.execute(ExtensionLoader.java:909)&#10;	at io.quarkus.builder.BuildContext.run(BuildContext.java:282)&#10;	at org.jboss.threads.ContextHandler$1.runWith(ContextHandler.java:18)&#10;	at org.jboss.threads.EnhancedQueueExecutor$Task.run(EnhancedQueueExecutor.java:2513)&#10;	at org.jboss.threads.EnhancedQueueExecutor$ThreadBody.run(EnhancedQueueExecutor.java:1538)&#10;	at java.base/java.lang.Thread.run(Thread.java:833)&#10;	at org.jboss.threads.JBossThread.run(JBossThread.java:501)&#10;" type="java.lang.RuntimeException"><![CDATA[java.lang.RuntimeException: 
java.lang.RuntimeException: io.quarkus.builder.BuildException: Build failure: Build failed due to errors
	[error]: Build step io.quarkiverse.quinoa.deployment.QuinoaProcessor#processBuild threw an exception: java.lang.RuntimeException: Error in Quinoa while running package manager build command: node.exe C:\Users\melanie.ralaiarinosy\IdeaProjects\quarkus-super-heroes\super-heroes\ui-super-heroes\.quinoa\node\node_modules\npm\bin\npm-cli.js run build
	at io.quarkiverse.quinoa.deployment.packagemanager.PackageManager.build(PackageManager.java:55)
	at io.quarkiverse.quinoa.deployment.QuinoaProcessor.processBuild(QuinoaProcessor.java:137)
	at java.base/jdk.internal.reflect.NativeMethodAccessorImpl.invoke0(Native Method)
	at java.base/jdk.internal.reflect.NativeMethodAccessorImpl.invoke(NativeMethodAccessorImpl.java:77)
	at java.base/jdk.internal.reflect.DelegatingMethodAccessorImpl.invoke(DelegatingMethodAccessorImpl.java:43)
	at java.base/java.lang.reflect.Method.invoke(Method.java:568)
	at io.quarkus.deployment.ExtensionLoader$3.execute(ExtensionLoader.java:909)
	at io.quarkus.builder.BuildContext.run(BuildContext.java:282)
	at org.jboss.threads.ContextHandler$1.runWith(ContextHandler.java:18)
	at org.jboss.threads.EnhancedQueueExecutor$Task.run(EnhancedQueueExecutor.java:2513)
	at org.jboss.threads.EnhancedQueueExecutor$ThreadBody.run(EnhancedQueueExecutor.java:1538)
	at java.base/java.lang.Thread.run(Thread.java:833)
	at org.jboss.threads.JBossThread.run(JBossThread.java:501)

	at io.quarkus.test.junit.QuarkusTestExtension.throwBootFailureException(QuarkusTestExtension.java:625)
	at io.quarkus.test.junit.QuarkusTestExtension.interceptTestClassConstructor(QuarkusTestExtension.java:696)
	at org.junit.jupiter.engine.execution.InterceptingExecutableInvoker.lambda$invoke$0(InterceptingExecutableInvoker.java:93)
	at org.junit.jupiter.engine.execution.InvocationInterceptorChain$InterceptedInvocation.proceed(InvocationInterceptorChain.java:106)
	at org.junit.jupiter.api.extension.InvocationInterceptor.interceptTestClassConstructor(InvocationInterceptor.java:73)
	at org.junit.jupiter.engine.execution.InterceptingExecutableInvoker.lambda$invoke$0(InterceptingExecutableInvoker.java:93)
	at org.junit.jupiter.engine.execution.InvocationInterceptorChain$InterceptedInvocation.proceed(InvocationInterceptorChain.java:106)
	at org.junit.jupiter.engine.execution.InvocationInterceptorChain.proceed(InvocationInterceptorChain.java:64)
	at org.junit.jupiter.engine.execution.InvocationInterceptorChain.chainAndInvoke(InvocationInterceptorChain.java:45)
	at org.junit.jupiter.engine.execution.InvocationInterceptorChain.invoke(InvocationInterceptorChain.java:37)
	at org.junit.jupiter.engine.execution.InterceptingExecutableInvoker.invoke(InterceptingExecutableInvoker.java:92)
	at org.junit.jupiter.engine.execution.InterceptingExecutableInvoker.invoke(InterceptingExecutableInvoker.java:62)
	at org.junit.jupiter.engine.descriptor.ClassBasedTestDescriptor.invokeTestClassConstructor(ClassBasedTestDescriptor.java:363)
	at org.junit.jupiter.engine.descriptor.ClassBasedTestDescriptor.instantiateTestClass(ClassBasedTestDescriptor.java:310)
	at org.junit.jupiter.engine.descriptor.ClassTestDescriptor.instantiateTestClass(ClassTestDescriptor.java:79)
	at org.junit.jupiter.engine.descriptor.ClassBasedTestDescriptor.instantiateAndPostProcessTestInstance(ClassBasedTestDescriptor.java:286)
	at org.junit.jupiter.engine.descriptor.ClassBasedTestDescriptor.lambda$testInstancesProvider$4(ClassBasedTestDescriptor.java:278)
	at java.base/java.util.Optional.orElseGet(Optional.java:364)
	at org.junit.jupiter.engine.descriptor.ClassBasedTestDescriptor.lambda$testInstancesProvider$5(ClassBasedTestDescriptor.java:277)
	at org.junit.jupiter.engine.execution.TestInstancesProvider.getTestInstances(TestInstancesProvider.java:31)
	at org.junit.jupiter.engine.descriptor.TestMethodTestDescriptor.lambda$prepare$0(TestMethodTestDescriptor.java:105)
	at org.junit.platform.engine.support.hierarchical.ThrowableCollector.execute(ThrowableCollector.java:73)
	at org.junit.jupiter.engine.descriptor.TestMethodTestDescriptor.prepare(TestMethodTestDescriptor.java:104)
	at org.junit.jupiter.engine.descriptor.TestMethodTestDescriptor.prepare(TestMethodTestDescriptor.java:68)
	at org.junit.platform.engine.support.hierarchical.NodeTestTask.lambda$prepare$2(NodeTestTask.java:123)
	at org.junit.platform.engine.support.hierarchical.ThrowableCollector.execute(ThrowableCollector.java:73)
	at org.junit.platform.engine.support.hierarchical.NodeTestTask.prepare(NodeTestTask.java:123)
	at org.junit.platform.engine.support.hierarchical.NodeTestTask.execute(NodeTestTask.java:90)
	at java.base/java.util.ArrayList.forEach(ArrayList.java:1511)
	at org.junit.platform.engine.support.hierarchical.SameThreadHierarchicalTestExecutorService.invokeAll(SameThreadHierarchicalTestExecutorService.java:41)
	at org.junit.platform.engine.support.hierarchical.NodeTestTask.lambda$executeRecursively$6(NodeTestTask.java:155)
	at org.junit.platform.engine.support.hierarchical.ThrowableCollector.execute(ThrowableCollector.java:73)
	at org.junit.platform.engine.support.hierarchical.NodeTestTask.lambda$executeRecursively$8(NodeTestTask.java:141)
	at org.junit.platform.engine.support.hierarchical.Node.around(Node.java:137)
	at org.junit.platform.engine.support.hierarchical.NodeTestTask.lambda$executeRecursively$9(NodeTestTask.java:139)
	at org.junit.platform.engine.support.hierarchical.ThrowableCollector.execute(ThrowableCollector.java:73)
	at org.junit.platform.engine.support.hierarchical.NodeTestTask.executeRecursively(NodeTestTask.java:138)
	at org.junit.platform.engine.support.hierarchical.NodeTestTask.execute(NodeTestTask.java:95)
	at java.base/java.util.ArrayList.forEach(ArrayList.java:1511)
	at org.junit.platform.engine.support.hierarchical.SameThreadHierarchicalTestExecutorService.invokeAll(SameThreadHierarchicalTestExecutorService.java:41)
	at org.junit.platform.engine.support.hierarchical.NodeTestTask.lambda$executeRecursively$6(NodeTestTask.java:155)
	at org.junit.platform.engine.support.hierarchical.ThrowableCollector.execute(ThrowableCollector.java:73)
	at org.junit.platform.engine.support.hierarchical.NodeTestTask.lambda$executeRecursively$8(NodeTestTask.java:141)
	at org.junit.platform.engine.support.hierarchical.Node.around(Node.java:137)
	at org.junit.platform.engine.support.hierarchical.NodeTestTask.lambda$executeRecursively$9(NodeTestTask.java:139)
	at org.junit.platform.engine.support.hierarchical.ThrowableCollector.execute(ThrowableCollector.java:73)
	at org.junit.platform.engine.support.hierarchical.NodeTestTask.executeRecursively(NodeTestTask.java:138)
	at org.junit.platform.engine.support.hierarchical.NodeTestTask.execute(NodeTestTask.java:95)
	at org.junit.platform.engine.support.hierarchical.SameThreadHierarchicalTestExecutorService.submit(SameThreadHierarchicalTestExecutorService.java:35)
	at org.junit.platform.engine.support.hierarchical.HierarchicalTestExecutor.execute(HierarchicalTestExecutor.java:57)
	at org.junit.platform.engine.support.hierarchical.HierarchicalTestEngine.execute(HierarchicalTestEngine.java:54)
	at org.junit.platform.launcher.core.EngineExecutionOrchestrator.execute(EngineExecutionOrchestrator.java:147)
	at org.junit.platform.launcher.core.EngineExecutionOrchestrator.execute(EngineExecutionOrchestrator.java:127)
	at org.junit.platform.launcher.core.EngineExecutionOrchestrator.execute(EngineExecutionOrchestrator.java:90)
	at org.junit.platform.launcher.core.EngineExecutionOrchestrator.lambda$execute$0(EngineExecutionOrchestrator.java:55)
	at org.junit.platform.launcher.core.EngineExecutionOrchestrator.withInterceptedStreams(EngineExecutionOrchestrator.java:102)
	at org.junit.platform.launcher.core.EngineExecutionOrchestrator.execute(EngineExecutionOrchestrator.java:54)
	at org.junit.platform.launcher.core.DefaultLauncher.execute(DefaultLauncher.java:114)
	at org.junit.platform.launcher.core.DefaultLauncher.execute(DefaultLauncher.java:86)
	at org.junit.platform.launcher.core.DefaultLauncherSession$DelegatingLauncher.execute(DefaultLauncherSession.java:86)
	at org.apache.maven.surefire.junitplatform.LazyLauncher.execute(LazyLauncher.java:55)
	at org.apache.maven.surefire.junitplatform.JUnitPlatformProvider.execute(JUnitPlatformProvider.java:223)
	at org.apache.maven.surefire.junitplatform.JUnitPlatformProvider.invokeAllTests(JUnitPlatformProvider.java:175)
	at org.apache.maven.surefire.junitplatform.JUnitPlatformProvider.invoke(JUnitPlatformProvider.java:139)
	at org.apache.maven.surefire.booter.ForkedBooter.runSuitesInProcess(ForkedBooter.java:456)
	at org.apache.maven.surefire.booter.ForkedBooter.execute(ForkedBooter.java:169)
	at org.apache.maven.surefire.booter.ForkedBooter.run(ForkedBooter.java:595)
	at org.apache.maven.surefire.booter.ForkedBooter.main(ForkedBooter.java:581)
Caused by: java.lang.RuntimeException: io.quarkus.builder.BuildException: Build failure: Build failed due to errors
	[error]: Build step io.quarkiverse.quinoa.deployment.QuinoaProcessor#processBuild threw an exception: java.lang.RuntimeException: Error in Quinoa while running package manager build command: node.exe C:\Users\melanie.ralaiarinosy\IdeaProjects\quarkus-super-heroes\super-heroes\ui-super-heroes\.quinoa\node\node_modules\npm\bin\npm-cli.js run build
	at io.quarkiverse.quinoa.deployment.packagemanager.PackageManager.build(PackageManager.java:55)
	at io.quarkiverse.quinoa.deployment.QuinoaProcessor.processBuild(QuinoaProcessor.java:137)
	at java.base/jdk.internal.reflect.NativeMethodAccessorImpl.invoke0(Native Method)
	at java.base/jdk.internal.reflect.NativeMethodAccessorImpl.invoke(NativeMethodAccessorImpl.java:77)
	at java.base/jdk.internal.reflect.DelegatingMethodAccessorImpl.invoke(DelegatingMethodAccessorImpl.java:43)
	at java.base/java.lang.reflect.Method.invoke(Method.java:568)
	at io.quarkus.deployment.ExtensionLoader$3.execute(ExtensionLoader.java:909)
	at io.quarkus.builder.BuildContext.run(BuildContext.java:282)
	at org.jboss.threads.ContextHandler$1.runWith(ContextHandler.java:18)
	at org.jboss.threads.EnhancedQueueExecutor$Task.run(EnhancedQueueExecutor.java:2513)
	at org.jboss.threads.EnhancedQueueExecutor$ThreadBody.run(EnhancedQueueExecutor.java:1538)
	at java.base/java.lang.Thread.run(Thread.java:833)
	at org.jboss.threads.JBossThread.run(JBossThread.java:501)

	at io.quarkus.runner.bootstrap.AugmentActionImpl.runAugment(AugmentActionImpl.java:335)
	at io.quarkus.runner.bootstrap.AugmentActionImpl.createInitialRuntimeApplication(AugmentActionImpl.java:252)
	at io.quarkus.runner.bootstrap.AugmentActionImpl.createInitialRuntimeApplication(AugmentActionImpl.java:60)
	at io.quarkus.test.junit.QuarkusTestExtension.doJavaStart(QuarkusTestExtension.java:222)
	at io.quarkus.test.junit.QuarkusTestExtension.ensureStarted(QuarkusTestExtension.java:592)
	at io.quarkus.test.junit.QuarkusTestExtension.beforeAll(QuarkusTestExtension.java:640)
	at org.junit.jupiter.engine.descriptor.ClassBasedTestDescriptor.lambda$invokeBeforeAllCallbacks$12(ClassBasedTestDescriptor.java:395)
	at org.junit.platform.engine.support.hierarchical.ThrowableCollector.execute(ThrowableCollector.java:73)
	at org.junit.jupiter.engine.descriptor.ClassBasedTestDescriptor.invokeBeforeAllCallbacks(ClassBasedTestDescriptor.java:395)
	at org.junit.jupiter.engine.descriptor.ClassBasedTestDescriptor.before(ClassBasedTestDescriptor.java:211)
	at org.junit.jupiter.engine.descriptor.ClassBasedTestDescriptor.before(ClassBasedTestDescriptor.java:84)
	at org.junit.platform.engine.support.hierarchical.NodeTestTask.lambda$executeRecursively$6(NodeTestTask.java:148)
	... 37 more
Caused by: io.quarkus.builder.BuildException: Build failure: Build failed due to errors
	[error]: Build step io.quarkiverse.quinoa.deployment.QuinoaProcessor#processBuild threw an exception: java.lang.RuntimeException: Error in Quinoa while running package manager build command: node.exe C:\Users\melanie.ralaiarinosy\IdeaProjects\quarkus-super-heroes\super-heroes\ui-super-heroes\.quinoa\node\node_modules\npm\bin\npm-cli.js run build
	at io.quarkiverse.quinoa.deployment.packagemanager.PackageManager.build(PackageManager.java:55)
	at io.quarkiverse.quinoa.deployment.QuinoaProcessor.processBuild(QuinoaProcessor.java:137)
	at java.base/jdk.internal.reflect.NativeMethodAccessorImpl.invoke0(Native Method)
	at java.base/jdk.internal.reflect.NativeMethodAccessorImpl.invoke(NativeMethodAccessorImpl.java:77)
	at java.base/jdk.internal.reflect.DelegatingMethodAccessorImpl.invoke(DelegatingMethodAccessorImpl.java:43)
	at java.base/java.lang.reflect.Method.invoke(Method.java:568)
	at io.quarkus.deployment.ExtensionLoader$3.execute(ExtensionLoader.java:909)
	at io.quarkus.builder.BuildContext.run(BuildContext.java:282)
	at org.jboss.threads.ContextHandler$1.runWith(ContextHandler.java:18)
	at org.jboss.threads.EnhancedQueueExecutor$Task.run(EnhancedQueueExecutor.java:2513)
	at org.jboss.threads.EnhancedQueueExecutor$ThreadBody.run(EnhancedQueueExecutor.java:1538)
	at java.base/java.lang.Thread.run(Thread.java:833)
	at org.jboss.threads.JBossThread.run(JBossThread.java:501)

	at io.quarkus.builder.Execution.run(Execution.java:123)
	at io.quarkus.builder.BuildExecutionBuilder.execute(BuildExecutionBuilder.java:79)
	at io.quarkus.deployment.QuarkusAugmentor.run(QuarkusAugmentor.java:160)
	at io.quarkus.runner.bootstrap.AugmentActionImpl.runAugment(AugmentActionImpl.java:331)
	... 48 more
Caused by: java.lang.RuntimeException: Error in Quinoa while running package manager build command: node.exe C:\Users\melanie.ralaiarinosy\IdeaProjects\quarkus-super-heroes\super-heroes\ui-super-heroes\.quinoa\node\node_modules\npm\bin\npm-cli.js run build
	at io.quarkiverse.quinoa.deployment.packagemanager.PackageManager.build(PackageManager.java:55)
	at io.quarkiverse.quinoa.deployment.QuinoaProcessor.processBuild(QuinoaProcessor.java:137)
	at java.base/jdk.internal.reflect.NativeMethodAccessorImpl.invoke0(Native Method)
	at java.base/jdk.internal.reflect.NativeMethodAccessorImpl.invoke(NativeMethodAccessorImpl.java:77)
	at java.base/jdk.internal.reflect.DelegatingMethodAccessorImpl.invoke(DelegatingMethodAccessorImpl.java:43)
	at java.base/java.lang.reflect.Method.invoke(Method.java:568)
	at io.quarkus.deployment.ExtensionLoader$3.execute(ExtensionLoader.java:909)
	at io.quarkus.builder.BuildContext.run(BuildContext.java:282)
	at org.jboss.threads.ContextHandler$1.runWith(ContextHandler.java:18)
	at org.jboss.threads.EnhancedQueueExecutor$Task.run(EnhancedQueueExecutor.java:2513)
	at org.jboss.threads.EnhancedQueueExecutor$ThreadBody.run(EnhancedQueueExecutor.java:1538)
	at java.base/java.lang.Thread.run(Thread.java:833)
	at org.jboss.threads.JBossThread.run(JBossThread.java:501)
]]></error>
    <system-out><![CDATA[2023-10-06 14:28:10,641 INFO  [io.quarkus] (main) ui-super-heroes stopped in 0.025s
2023-10-06 14:28:11,424 INFO  [com.git.eir.mav.plu.fro.lib.NodeInstaller] (build-25) Node v16.16.0 is already installed.
2023-10-06 14:28:11,426 INFO  [io.qua.qui.dep.pac.PackageManager] (build-5) Running Quinoa package manager build command: node.exe C:\Users\melanie.ralaiarinosy\IdeaProjects\quarkus-super-heroes\super-heroes\ui-super-heroes\.quinoa\node\node_modules\npm\bin\npm-cli.js run build
2023-10-06 14:28:11,922 INFO  [io.qua.qui.dep.pac.PackageManager] (build-5) 
2023-10-06 14:28:11,923 INFO  [io.qua.qui.dep.pac.PackageManager] (build-5) > super-heroes@0.0.0 build
2023-10-06 14:28:11,923 INFO  [io.qua.qui.dep.pac.PackageManager] (build-5) > ng build
2023-10-06 14:28:11,923 INFO  [io.qua.qui.dep.pac.PackageManager] (build-5) 
2023-10-06 14:28:11,954 INFO  [io.qua.qui.dep.pac.PackageManager] (build-5) 'ng' n'est pas reconnu en tant que commande interne
2023-10-06 14:28:11,954 INFO  [io.qua.qui.dep.pac.PackageManager] (build-5) ou externe, un programme ex‚cutable ou un fichier de commandes.
]]></system-out>
  </testcase>
</testsuite>